Read1 before filtering:
total reads: 9000
total bases: 2250000
Q20 bases: 2147327(95.4368%)
Q30 bases: 2052798(91.2355%)

Read2 before filtering:
total reads: 9000
total bases: 2250000
Q20 bases: 1942234(86.3215%)
Q30 bases: 1721133(76.4948%)

Read1 after filtering:
total reads: 9000
total bases: 2250000
Q20 bases: 2147327(95.4368%)
Q30 bases: 2052798(91.2355%)

Read2 after filtering:
total reads: 9000
total bases: 2250000
Q20 bases: 1942234(86.3215%)
Q30 bases: 1721133(76.4948%)

Filtering result:
reads passed filter: 18000
reads failed due to low quality: 0
reads failed due to too many N: 0
reads failed due to too short: 0
reads with adapter trimmed: 0
bases trimmed due to adapters: 0

Duplication rate: 0%

Insert size peak (evaluated by paired-end reads): 301

JSON report: 6a.workflow_snakemake/sampleA/1.quality_control/fastp.json
HTML report: 6a.workflow_snakemake/sampleA/1.quality_control/fastp.html

fastp --in1 0.raw_data/sampleA_R1.fq.gz --in2 0.raw_data/sampleA_R2.fq.gz --out1 6a.workflow_snakemake/sampleA/1.quality_control/sampleA_R1_trimmed.fq.gz --out2 6a.workflow_snakemake/sampleA/1.quality_control/sampleA_R2_trimmed.fq.gz --json 6a.workflow_snakemake/sampleA/1.quality_control/fastp.json --html 6a.workflow_snakemake/sampleA/1.quality_control/fastp.html 
fastp v0.23.0, time used: 1 seconds
